0 info it worked if it ends with ok
1 verbose cli [ 'C:\\Program Files\\nodejs\\node.exe',
1 verbose cli   'C:\\Program Files\\nodejs\\node_modules\\npm\\bin\\npm-cli.js',
1 verbose cli   'run',
1 verbose cli   'watch-js' ]
2 info using npm@3.10.9
3 info using node@v6.9.2
4 verbose run-script [ 'prewatch-js', 'watch-js', 'postwatch-js' ]
5 info lifecycle hardwire-agent@1.0.0~prewatch-js: hardwire-agent@1.0.0
6 silly lifecycle hardwire-agent@1.0.0~prewatch-js: no script for prewatch-js, continuing
7 info lifecycle hardwire-agent@1.0.0~watch-js: hardwire-agent@1.0.0
8 verbose lifecycle hardwire-agent@1.0.0~watch-js: unsafe-perm in lifecycle true
9 verbose lifecycle hardwire-agent@1.0.0~watch-js: PATH: C:\Program Files\nodejs\node_modules\npm\bin\node-gyp-bin;C:\Users\gregorytandiono\.babun\cygwin\home\gregorytandiono\Development\init01\hardwire-agent\node_modules\.bin;C:\Program Files\nodejs\node_modules\npm\bin\node-gyp-bin;C:\Users\gregorytandiono\.babun\cygwin\home\gregorytandiono\Development\init01\hardwire-agent\node_modules\.bin;C:\Users\gregorytandiono\.babun\cygwin\home\gregorytandiono\.local\bin;C:\Users\gregorytandiono\.babun\cygwin\usr\local\bin;C:\Users\gregorytandiono\.babun\cygwin\home\gregorytandiono\.local\bin;C:\Users\gregorytandiono\.babun\cygwin\usr\local\bin;C:\Users\gregorytandiono\.babun\cygwin\bin;C:\WINDOWS\system32;C:\WINDOWS;C:\WINDOWS\System32\Wbem;C:\WINDOWS\System32\WindowsPowerShell\v1.0;C:\Program Files\nodejs;C:\Users\gregorytandiono\AppData\Local\atom\bin;C:\Program Files (x86)\Microsoft VS Code\bin;C:\Users\gregorytandiono\AppData\Local\Microsoft\WindowsApps;C:\Users\gregorytandiono\.babun;C:\Users\gregorytandiono\AppData\Roaming\npm
10 verbose lifecycle hardwire-agent@1.0.0~watch-js: CWD: C:\Users\gregorytandiono\.babun\cygwin\home\gregorytandiono\Development\init01\hardwire-agent
11 silly lifecycle hardwire-agent@1.0.0~watch-js: Args: [ '/d /s /c',
11 silly lifecycle   'watchify ./public/javascripts/src/main.js -d -o ./public/javascripts/dist/main.bundle.js -v' ]
12 silly lifecycle hardwire-agent@1.0.0~watch-js: Returned: code: 1  signal: null
13 info lifecycle hardwire-agent@1.0.0~watch-js: Failed to exec watch-js script
14 verbose stack Error: hardwire-agent@1.0.0 watch-js: `watchify ./public/javascripts/src/main.js -d -o ./public/javascripts/dist/main.bundle.js -v`
14 verbose stack Exit status 1
14 verbose stack     at EventEmitter.<anonymous> (C:\Program Files\nodejs\node_modules\npm\lib\utils\lifecycle.js:255:16)
14 verbose stack     at emitTwo (events.js:106:13)
14 verbose stack     at EventEmitter.emit (events.js:191:7)
14 verbose stack     at ChildProcess.<anonymous> (C:\Program Files\nodejs\node_modules\npm\lib\utils\spawn.js:40:14)
14 verbose stack     at emitTwo (events.js:106:13)
14 verbose stack     at ChildProcess.emit (events.js:191:7)
14 verbose stack     at maybeClose (internal/child_process.js:877:16)
14 verbose stack     at Process.ChildProcess._handle.onexit (internal/child_process.js:226:5)
15 verbose pkgid hardwire-agent@1.0.0
16 verbose cwd C:\Users\gregorytandiono\.babun\cygwin\home\gregorytandiono\Development\init01\hardwire-agent
17 error Windows_NT 10.0.14393
18 error argv "C:\\Program Files\\nodejs\\node.exe" "C:\\Program Files\\nodejs\\node_modules\\npm\\bin\\npm-cli.js" "run" "watch-js"
19 error node v6.9.2
20 error npm  v3.10.9
21 error code ELIFECYCLE
22 error hardwire-agent@1.0.0 watch-js: `watchify ./public/javascripts/src/main.js -d -o ./public/javascripts/dist/main.bundle.js -v`
22 error Exit status 1
23 error Failed at the hardwire-agent@1.0.0 watch-js script 'watchify ./public/javascripts/src/main.js -d -o ./public/javascripts/dist/main.bundle.js -v'.
23 error Make sure you have the latest version of node.js and npm installed.
23 error If you do, this is most likely a problem with the hardwire-agent package,
23 error not with npm itself.
23 error Tell the author that this fails on your system:
23 error     watchify ./public/javascripts/src/main.js -d -o ./public/javascripts/dist/main.bundle.js -v
23 error You can get information on how to open an issue for this project with:
23 error     npm bugs hardwire-agent
23 error Or if that isn't available, you can get their info via:
23 error     npm owner ls hardwire-agent
23 error There is likely additional logging output above.
24 verbose exit [ 1, true ]
